2024-12-13 18:31:58,135 [INFO] Generating clean and organised tree structure based on the provided config.
2024-12-13 18:31:58,136 [INFO] Generating clean and organised tree structure based on the provided config.
2024-12-13 18:40:12,218 [INFO]  - Starting to organize...
2024-12-13 18:40:12,218 [INFO]  - Starting Config Validation.
2024-12-13 18:40:12,218 [INFO]  - Config is Successfully Validated.
2024-12-13 18:40:12,219 [INFO] Generating clean and organised tree structure based on the provided config.
2024-12-13 18:40:15,564 [INFO] Generating clean and organised tree structure based on the provided config.
2024-12-13 18:40:15,564 [INFO] Generating clean and organised tree structure based on the provided config.
2024-12-13 18:40:15,565 [INFO]  - Starting Config Validation.
2024-12-13 18:40:15,565 [INFO]  - Config is Successfully Validated.
2024-12-13 18:40:15,565 [INFO]  - Starting Config Validation.
2024-12-13 18:40:15,565 [ERROR]  - Blueprint validation error: {'png': None, 'jpg': None} is not of type 'array' / Reason: {'type': 'array'} / Where: ['format', 'photo', 'types']
2024-12-13 19:32:17,380 [INFO] Generating clean and organised tree structure based on the provided config.
2024-12-13 19:32:45,055 [INFO] Generating clean and organised tree structure based on the provided config.
2024-12-13 19:34:06,117 [INFO] Generating clean and organised tree structure based on the provided config.
2024-12-13 19:38:28,039 [INFO] Generating clean and organised tree structure based on the provided config.
2024-12-13 19:49:26,083 [INFO] Generating clean and organised tree structure based on the provided config.
2024-12-13 19:50:25,253 [INFO] Generating clean and organised tree structure based on the provided config.
2024-12-14 09:24:06,770 [INFO] Generating clean and organised tree structure based on the provided config.
2024-12-14 09:25:12,011 [INFO] Generating clean and organised tree structure based on the provided config.
2024-12-14 09:25:46,905 [INFO] Generating clean and organised tree structure based on the provided config.
2024-12-14 09:26:19,047 [INFO] Generating clean and organised tree structure based on the provided config.
2024-12-14 09:27:20,777 [INFO] Generating clean and organised tree structure based on the provided config.
2024-12-14 09:27:40,161 [INFO] Generating clean and organised tree structure based on the provided config.
2024-12-14 09:28:09,650 [INFO] Generating clean and organised tree structure based on the provided config.
2024-12-14 09:29:01,797 [INFO] Generating clean and organised tree structure based on the provided config.
2024-12-14 09:33:23,065 [INFO] Generating clean and organised tree structure based on the provided config.
2024-12-14 09:33:51,449 [INFO] Generating clean and organised tree structure based on the provided config.
2024-12-14 09:34:14,047 [INFO] Generating clean and organised tree structure based on the provided config.
2024-12-14 09:36:31,650 [INFO] Generating clean and organised tree structure based on the provided config.
2024-12-14 09:38:58,253 [INFO] Generating clean and organised tree structure based on the provided config.
2024-12-14 09:39:21,949 [INFO] Generating clean and organised tree structure based on the provided config.
2024-12-14 09:40:39,817 [INFO] Generating clean and organised tree structure based on the provided config.
2024-12-14 23:17:54,815 [INFO] Generating clean and organised tree structure based on the provided config.
2024-12-14 23:18:16,424 [INFO] Generating clean and organised tree structure based on the provided config.
